TN:
SF:src\app.js
FN:13,(anonymous_0)
FNF:1
FNH:0
FNDA:0,(anonymous_0)
DA:7,1
DA:9,1
DA:10,1
DA:11,1
DA:13,1
DA:14,0
DA:21,1
DA:22,1
DA:24,1
DA:26,1
LF:10
LH:9
BRF:0
BRH:0
end_of_record
TN:
SF:src\config\config.js
FNF:0
FNH:0
DA:3,0
DA:5,0
LF:2
LH:0
BRDA:6,0,0,0
BRDA:6,0,1,0
BRDA:7,1,0,0
BRDA:7,1,1,0
BRF:4
BRH:0
end_of_record
TN:
SF:src\controllers\chargeController.js
FN:4,(anonymous_0)
FN:19,(anonymous_1)
FN:33,(anonymous_2)
FNF:3
FNH:0
FNDA:0,(anonymous_0)
FNDA:0,(anonymous_1)
FNDA:0,(anonymous_2)
DA:5,0
DA:6,0
DA:7,0
DA:9,0
DA:15,0
DA:20,0
DA:21,0
DA:23,0
DA:29,0
DA:34,0
DA:35,0
DA:36,0
DA:38,0
DA:43,0
LF:14
LH:0
BRF:0
BRH:0
end_of_record
TN:
SF:src\controllers\customerController.js
FN:4,(anonymous_0)
FN:19,(anonymous_1)
FN:33,(anonymous_2)
FN:47,(anonymous_3)
FNF:4
FNH:4
FNDA:3,(anonymous_0)
FNDA:2,(anonymous_1)
FNDA:2,(anonymous_2)
FNDA:2,(anonymous_3)
DA:5,3
DA:6,3
DA:7,3
DA:9,1
DA:15,2
DA:20,2
DA:21,2
DA:23,2
DA:29,0
DA:34,2
DA:35,2
DA:36,2
DA:38,1
DA:43,1
DA:48,2
DA:49,2
DA:50,2
DA:52,1
DA:57,1
LF:19
LH:18
BRF:0
BRH:0
end_of_record
TN:
SF:src\middlewares\chargeValidation.js
FN:3,(anonymous_0)
FN:45,(anonymous_1)
FN:92,(anonymous_2)
FN:102,(anonymous_3)
FNF:4
FNH:0
FNDA:0,(anonymous_0)
FNDA:0,(anonymous_1)
FNDA:0,(anonymous_2)
FNDA:0,(anonymous_3)
DA:3,1
DA:4,0
DA:5,0
DA:7,0
DA:8,0
DA:9,0
DA:10,0
DA:13,0
DA:14,0
DA:15,0
DA:16,0
DA:17,0
DA:18,0
DA:19,0
DA:20,0
DA:23,0
DA:24,0
DA:25,0
DA:26,0
DA:29,0
DA:30,0
DA:31,0
DA:32,0
DA:33,0
DA:35,0
DA:38,0
DA:39,0
DA:42,0
DA:45,1
DA:46,0
DA:48,0
DA:49,0
DA:51,0
DA:52,0
DA:54,0
DA:57,0
DA:58,0
DA:59,0
DA:60,0
DA:61,0
DA:62,0
DA:63,0
DA:64,0
DA:65,0
DA:68,0
DA:71,0
DA:72,0
DA:74,0
DA:75,0
DA:76,0
DA:78,0
DA:79,0
DA:80,0
DA:81,0
DA:85,0
DA:86,0
DA:88,0
DA:92,1
DA:93,0
DA:95,0
DA:96,0
DA:99,0
DA:102,1
DA:103,0
DA:104,0
LF:65
LH:4
BRDA:7,0,0,0
BRDA:7,0,1,0
BRDA:7,1,0,0
BRDA:7,1,1,0
BRDA:7,1,2,0
BRDA:9,2,0,0
BRDA:9,2,1,0
BRDA:13,3,0,0
BRDA:13,3,1,0
BRDA:13,4,0,0
BRDA:13,4,1,0
BRDA:15,5,0,0
BRDA:15,5,1,0
BRDA:17,6,0,0
BRDA:17,6,1,0
BRDA:19,7,0,0
BRDA:19,7,1,0
BRDA:23,8,0,0
BRDA:23,8,1,0
BRDA:23,9,0,0
BRDA:23,9,1,0
BRDA:23,9,2,0
BRDA:25,10,0,0
BRDA:25,10,1,0
BRDA:30,11,0,0
BRDA:30,11,1,0
BRDA:30,12,0,0
BRDA:30,12,1,0
BRDA:32,13,0,0
BRDA:32,13,1,0
BRDA:38,14,0,0
BRDA:38,14,1,0
BRDA:46,15,0,0
BRDA:46,15,1,0
BRDA:46,15,2,0
BRDA:48,16,0,0
BRDA:48,16,1,0
BRDA:48,17,0,0
BRDA:48,17,1,0
BRDA:51,18,0,0
BRDA:51,18,1,0
BRDA:51,19,0,0
BRDA:51,19,1,0
BRDA:57,20,0,0
BRDA:57,20,1,0
BRDA:57,21,0,0
BRDA:57,21,1,0
BRDA:58,22,0,0
BRDA:58,22,1,0
BRDA:60,23,0,0
BRDA:60,23,1,0
BRDA:62,24,0,0
BRDA:62,24,1,0
BRDA:64,25,0,0
BRDA:64,25,1,0
BRDA:71,26,0,0
BRDA:71,26,1,0
BRDA:75,27,0,0
BRDA:75,27,1,0
BRDA:80,28,0,0
BRDA:80,28,1,0
BRDA:85,29,0,0
BRDA:85,29,1,0
BRDA:85,30,0,0
BRDA:85,30,1,0
BRDA:95,31,0,0
BRDA:95,31,1,0
BRDA:95,32,0,0
BRDA:95,32,1,0
BRF:69
BRH:0
end_of_record
TN:
SF:src\middlewares\customerValidation.js
FN:3,(anonymous_0)
FN:46,(anonymous_1)
FN:51,(anonymous_2)
FN:61,(anonymous_3)
FNF:4
FNH:4
FNDA:8,(anonymous_0)
FNDA:8,(anonymous_1)
FNDA:6,(anonymous_2)
FNDA:6,(anonymous_3)
DA:3,1
DA:4,8
DA:5,8
DA:7,8
DA:8,1
DA:9,7
DA:10,1
DA:11,6
DA:12,0
DA:15,8
DA:16,0
DA:17,8
DA:18,1
DA:21,8
DA:22,0
DA:24,8
DA:25,8
DA:26,1
DA:30,8
DA:31,0
DA:33,8
DA:34,8
DA:35,1
DA:39,8
DA:40,5
DA:43,3
DA:46,1
DA:47,8
DA:48,8
DA:51,1
DA:52,6
DA:54,6
DA:55,2
DA:58,4
DA:61,1
DA:62,6
DA:63,6
LF:37
LH:33
BRDA:7,0,0,1
BRDA:7,0,1,7
BRDA:7,1,0,8
BRDA:7,1,1,7
BRDA:7,1,2,7
BRDA:9,2,0,1
BRDA:9,2,1,6
BRDA:11,3,0,0
BRDA:11,3,1,6
BRDA:15,4,0,0
BRDA:15,4,1,8
BRDA:15,5,0,8
BRDA:15,5,1,8
BRDA:15,5,2,8
BRDA:17,6,0,1
BRDA:17,6,1,7
BRDA:21,7,0,0
BRDA:21,7,1,8
BRDA:21,8,0,8
BRDA:21,8,1,8
BRDA:21,8,2,8
BRDA:25,9,0,1
BRDA:25,9,1,7
BRDA:25,10,0,8
BRDA:25,10,1,1
BRDA:30,11,0,0
BRDA:30,11,1,8
BRDA:30,12,0,8
BRDA:30,12,1,8
BRDA:30,12,2,8
BRDA:34,13,0,1
BRDA:34,13,1,7
BRDA:34,14,0,8
BRDA:34,14,1,7
BRDA:39,15,0,5
BRDA:39,15,1,3
BRDA:54,16,0,2
BRDA:54,16,1,4
BRDA:54,17,0,6
BRDA:54,17,1,6
BRF:40
BRH:36
end_of_record
TN:
SF:src\middlewares\errorHandler.js
FN:4,(anonymous_0)
FN:29,(anonymous_1)
FN:52,(anonymous_2)
FN:88,(anonymous_3)
FNF:4
FNH:1
FNDA:11,(anonymous_0)
FNDA:0,(anonymous_1)
FNDA:0,(anonymous_2)
FNDA:0,(anonymous_3)
DA:4,1
DA:5,11
DA:13,11
DA:14,11
DA:21,0
DA:22,0
DA:25,0
DA:26,0
DA:29,0
DA:33,0
DA:34,0
DA:40,0
DA:41,0
DA:45,0
DA:52,1
DA:53,0
DA:55,0
DA:56,0
DA:62,0
DA:68,0
DA:74,0
DA:80,0
DA:88,1
DA:89,0
LF:24
LH:6
BRDA:7,0,0,0
BRDA:7,0,1,11
BRDA:13,1,0,11
BRDA:13,1,1,0
BRDA:17,2,0,11
BRDA:17,2,1,0
BRDA:21,3,0,0
BRDA:21,3,1,0
BRDA:25,4,0,0
BRDA:25,4,1,0
BRDA:33,5,0,0
BRDA:33,5,1,0
BRDA:33,6,0,0
BRDA:33,6,1,0
BRDA:33,6,2,0
BRDA:40,7,0,0
BRDA:40,7,1,0
BRDA:41,8,0,0
BRDA:41,8,1,0
BRDA:48,9,0,0
BRDA:48,9,1,0
BRDA:53,10,0,0
BRDA:53,10,1,0
BRDA:53,10,2,0
BRDA:53,10,3,0
BRDA:53,10,4,0
BRDA:55,11,0,0
BRDA:55,11,1,0
BRDA:83,12,0,0
BRDA:83,12,1,0
BRF:30
BRH:3
end_of_record
TN:
SF:src\middlewares\idempotency.js
FN:6,(anonymous_0)
FN:45,(anonymous_1)
FN:47,(anonymous_2)
FN:59,(anonymous_3)
FN:79,(anonymous_4)
FNF:5
FNH:3
FNDA:9,(anonymous_0)
FNDA:8,(anonymous_1)
FNDA:0,(anonymous_2)
FNDA:8,(anonymous_3)
FNDA:0,(anonymous_4)
DA:4,1
DA:6,1
DA:7,9
DA:8,0
DA:11,9
DA:12,9
DA:13,0
DA:16,9
DA:17,0
DA:20,9
DA:21,0
DA:24,9
DA:25,9
DA:29,9
DA:30,1
DA:32,1
DA:33,0
DA:36,0
DA:39,1
DA:44,8
DA:45,8
DA:46,8
DA:47,0
DA:49,8
DA:52,8
DA:54,0
DA:55,0
DA:59,1
DA:60,8
DA:61,8
DA:62,8
DA:64,8
DA:73,0
DA:74,0
DA:79,1
DA:80,0
DA:81,0
DA:88,0
DA:89,0
DA:91,0
DA:92,0
LF:41
LH:24
BRDA:7,0,0,0
BRDA:7,0,1,9
BRDA:12,1,0,0
BRDA:12,1,1,9
BRDA:16,2,0,0
BRDA:16,2,1,9
BRDA:16,3,0,9
BRDA:16,3,1,9
BRDA:20,4,0,0
BRDA:20,4,1,9
BRDA:29,5,0,1
BRDA:29,5,1,8
BRDA:32,6,0,0
BRDA:32,6,1,1
BRDA:73,7,0,0
BRDA:73,7,1,0
BRF:16
BRH:9
end_of_record
TN:
SF:src\repositories\chargeRepository.js
FN:6,(anonymous_0)
FN:15,(anonymous_1)
FN:24,(anonymous_2)
FN:33,(anonymous_3)
FN:43,(anonymous_4)
FNF:5
FNH:0
FNDA:0,(anonymous_0)
FNDA:0,(anonymous_1)
FNDA:0,(anonymous_2)
FNDA:0,(anonymous_3)
FNDA:0,(anonymous_4)
DA:3,1
DA:7,0
DA:16,0
DA:25,0
DA:34,0
DA:44,0
LF:6
LH:1
BRF:0
BRH:0
end_of_record
TN:
SF:src\repositories\customerRepository.js
FN:6,(anonymous_0)
FN:12,(anonymous_1)
FN:18,(anonymous_2)
FN:24,(anonymous_3)
FN:30,(anonymous_4)
FN:36,(anonymous_5)
FN:42,(anonymous_6)
FNF:7
FNH:7
FNDA:3,(anonymous_0)
FNDA:4,(anonymous_1)
FNDA:6,(anonymous_2)
FNDA:5,(anonymous_3)
FNDA:4,(anonymous_4)
FNDA:3,(anonymous_5)
FNDA:2,(anonymous_6)
DA:3,2
DA:7,3
DA:13,4
DA:19,6
DA:25,5
DA:31,4
DA:37,3
DA:43,2
LF:8
LH:8
BRF:0
BRH:0
end_of_record
TN:
SF:src\routes\chargeRoutes.js
FNF:0
FNH:0
DA:6,1
DA:8,1
DA:9,1
DA:10,1
LF:4
LH:4
BRF:0
BRH:0
end_of_record
TN:
SF:src\routes\customerRoutes.js
FNF:0
FNH:0
DA:6,1
DA:8,1
DA:9,1
DA:10,1
DA:11,1
LF:5
LH:5
BRF:0
BRH:0
end_of_record
TN:
SF:src\services\chargeService.js
FN:6,(anonymous_0)
FN:61,(anonymous_1)
FN:91,(anonymous_2)
FN:95,(anonymous_3)
FN:105,(anonymous_4)
FNF:5
FNH:0
FNDA:0,(anonymous_0)
FNDA:0,(anonymous_1)
FNDA:0,(anonymous_2)
FNDA:0,(anonymous_3)
FNDA:0,(anonymous_4)
DA:7,0
DA:9,0
DA:10,0
DA:13,0
DA:14,0
DA:15,0
DA:16,0
DA:19,0
DA:20,0
DA:23,0
DA:24,0
DA:25,0
DA:26,0
DA:27,0
DA:30,0
DA:31,0
DA:32,0
DA:34,0
DA:35,0
DA:36,0
DA:41,0
DA:42,0
DA:43,0
DA:44,0
DA:49,0
DA:50,0
DA:51,0
DA:53,0
DA:54,0
DA:58,0
DA:62,0
DA:63,0
DA:64,0
DA:67,0
DA:68,0
DA:69,0
DA:72,0
DA:80,0
DA:81,0
DA:84,0
DA:85,0
DA:88,0
DA:92,0
DA:96,0
DA:98,0
DA:99,0
DA:102,0
DA:106,0
DA:107,0
DA:108,0
DA:111,0
LF:51
LH:0
BRDA:9,0,0,0
BRDA:9,0,1,0
BRDA:9,1,0,0
BRDA:9,1,1,0
BRDA:13,2,0,0
BRDA:13,2,1,0
BRDA:13,3,0,0
BRDA:13,3,1,0
BRDA:15,4,0,0
BRDA:15,4,1,0
BRDA:19,5,0,0
BRDA:19,5,1,0
BRDA:19,6,0,0
BRDA:19,6,1,0
BRDA:24,7,0,0
BRDA:24,7,1,0
BRDA:26,8,0,0
BRDA:26,8,1,0
BRDA:30,9,0,0
BRDA:30,9,1,0
BRDA:31,10,0,0
BRDA:31,10,1,0
BRDA:35,11,0,0
BRDA:35,11,1,0
BRDA:41,12,0,0
BRDA:41,12,1,0
BRDA:42,13,0,0
BRDA:42,13,1,0
BRDA:43,14,0,0
BRDA:43,14,1,0
BRDA:43,15,0,0
BRDA:43,15,1,0
BRDA:49,16,0,0
BRDA:49,16,1,0
BRDA:50,17,0,0
BRDA:50,17,1,0
BRDA:53,18,0,0
BRDA:53,18,1,0
BRDA:63,19,0,0
BRDA:63,19,1,0
BRDA:68,20,0,0
BRDA:68,20,1,0
BRDA:80,21,0,0
BRDA:80,21,1,0
BRDA:80,22,0,0
BRDA:80,22,1,0
BRDA:84,23,0,0
BRDA:84,23,1,0
BRDA:84,24,0,0
BRDA:84,24,1,0
BRDA:98,25,0,0
BRDA:98,25,1,0
BRDA:107,26,0,0
BRDA:107,26,1,0
BRF:54
BRH:0
end_of_record
TN:
SF:src\services\customerService.js
FN:5,(anonymous_0)
FN:29,(anonymous_1)
FN:34,(anonymous_2)
FN:53,(anonymous_3)
FN:57,(anonymous_4)
FN:67,(anonymous_5)
FNF:6
FNH:6
FNDA:17,(anonymous_0)
FNDA:23,(anonymous_1)
FNDA:9,(anonymous_2)
FNDA:4,(anonymous_3)
FNDA:5,(anonymous_4)
FNDA:5,(anonymous_5)
DA:6,17
DA:8,17
DA:9,4
DA:12,17
DA:13,1
DA:14,16
DA:15,3
DA:18,17
DA:19,3
DA:22,17
DA:23,3
DA:26,17
DA:30,23
DA:31,23
DA:35,9
DA:36,9
DA:37,1
DA:40,8
DA:41,8
DA:42,3
DA:45,5
DA:46,5
DA:47,3
DA:50,2
DA:54,4
DA:58,5
DA:60,5
DA:61,3
DA:64,2
DA:68,5
DA:70,5
DA:71,3
DA:74,2
LF:33
LH:33
BRDA:8,0,0,4
BRDA:8,0,1,13
BRDA:8,1,0,17
BRDA:8,1,1,13
BRDA:12,2,0,1
BRDA:12,2,1,16
BRDA:12,3,0,17
BRDA:12,3,1,16
BRDA:14,4,0,3
BRDA:14,4,1,13
BRDA:18,5,0,3
BRDA:18,5,1,14
BRDA:18,6,0,17
BRDA:18,6,1,14
BRDA:22,7,0,3
BRDA:22,7,1,14
BRDA:22,8,0,17
BRDA:22,8,1,14
BRDA:36,9,0,1
BRDA:36,9,1,8
BRDA:41,10,0,3
BRDA:41,10,1,5
BRDA:46,11,0,3
BRDA:46,11,1,2
BRDA:60,12,0,3
BRDA:60,12,1,2
BRDA:70,13,0,3
BRDA:70,13,1,2
BRF:28
BRH:28
end_of_record
TN:
SF:src\utils\errors.js
FN:3,(anonymous_0)
FN:14,(anonymous_1)
FN:21,(anonymous_2)
FN:28,(anonymous_3)
FN:35,(anonymous_4)
FN:42,(anonymous_5)
FN:49,(anonymous_6)
FNF:7
FNH:4
FNDA:20,(anonymous_0)
FNDA:8,(anonymous_1)
FNDA:6,(anonymous_2)
FNDA:6,(anonymous_3)
FNDA:0,(anonymous_4)
FNDA:0,(anonymous_5)
FNDA:0,(anonymous_6)
DA:4,20
DA:5,20
DA:6,20
DA:7,20
DA:9,20
DA:15,8
DA:22,6
DA:29,6
DA:36,0
DA:43,0
DA:50,0
LF:11
LH:8
BRDA:3,0,0,0
BRDA:3,1,0,12
BRDA:14,2,0,0
BRDA:14,3,0,2
BRDA:21,4,0,0
BRDA:28,5,0,0
BRDA:35,6,0,0
BRDA:42,7,0,0
BRDA:49,8,0,0
BRF:9
BRH:2
end_of_record
